<?xml version="1.0" encoding="UTF-8"?>
<!-- Generated by org.testng.reporters.JUnitReportReporter -->
<testsuite hostname="DESKTOP-FD4DE75" failures="0" tests="1" name="central.reports.Login" time="6.406" errors="0" timestamp="2022-08-09T12:35:00 IST" skipped="0">
  <testcase classname="central.reports.Login" name="Logininfo" time="6.406"/>
  <system-out/>
</testsuite> <!-- central.reports.Login -->
