<?xml version="1.0" encoding="UTF-8"?>
<!-- Generated by org.testng.reporters.JUnitReportReporter -->
<testsuite hostname="PTL594" failures="0" tests="1" name="central.reports.Baseclass" time="9.390" errors="0" timestamp="2023-10-03T17:34:08 IST" skipped="0">
  <testcase classname="central.reports.Baseclass" name="Logininfo" time="9.390"/>
</testsuite> <!-- central.reports.Baseclass -->
