<?xml version="1.0" encoding="UTF-8"?>
<!-- Generated by org.testng.reporters.JUnitReportReporter -->
<testsuite hostname="DESKTOP-FD4DE75" failures="0" tests="1" name="central.reports.Mgmt" time="4.323" errors="0" timestamp="2022-08-17T18:17:38 IST" skipped="0">
  <testcase classname="central.reports.Mgmt" name="mf" time="4.323"/>
  <system-out/>
</testsuite> <!-- central.reports.Mgmt -->
