<?xml version="1.0" encoding="UTF-8"?>
<!-- Generated by org.testng.reporters.JUnitReportReporter -->
<testsuite hostname="DESKTOP-FD4DE75" failures="0" tests="1" name="central.reports.dummy" time="4.660" errors="0" timestamp="2022-11-07T21:33:50 IST" skipped="0">
  <testcase classname="central.reports.dummy" name="offers" time="4.660"/>
  <system-out/>
</testsuite> <!-- central.reports.dummy -->
