<?xml version="1.0" encoding="UTF-8"?>
<!-- Generated by org.testng.reporters.JUnitReportReporter -->
<testsuite hostname="PTL594" failures="0" tests="1" name="central.reports.Offers" time="4.056" errors="0" timestamp="2023-11-23T12:22:31 IST" skipped="0">
  <testcase classname="central.reports.Offers" name="offers" time="4.056"/>
</testsuite> <!-- central.reports.Offers -->
