<?xml version="1.0" encoding="UTF-8"?>
<!-- Generated by org.testng.reporters.JUnitReportReporter -->
<testsuite hostname="PTL594" failures="0" tests="1" name="central.reports.Loyalty_Configuration" time="6.983" errors="0" timestamp="2023-11-23T12:22:31 IST" skipped="0">
  <testcase classname="central.reports.Loyalty_Configuration" name="Loyalty" time="6.983"/>
</testsuite> <!-- central.reports.Loyalty_Configuration -->
